Copyright 1986-2022 Xilinx, Inc. All Rights Reserved. Copyright 2022-2023 Advanced Micro Devices, Inc. All Rights Reserved.
---------------------------------------------------------------------------------------------------------------------------------------------------------------------------------------------------------------------
| Tool Version : Vivado v.2023.1 (win64) Build 3865809 Sun May  7 15:05:29 MDT 2023
| Date         : Tue Aug 19 15:11:21 2025
| Host         : ICT-98 running 64-bit major release  (build 9200)
| Command      : report_timing_summary -max_paths 10 -report_unconstrained -file sub_2bit_timing_summary_routed.rpt -pb sub_2bit_timing_summary_routed.pb -rpx sub_2bit_timing_summary_routed.rpx -warn_on_violation
| Design       : sub_2bit
| Device       : 7s25-csga324
| Speed File   : -1  PRODUCTION 1.23 2018-06-13
| Design State : Routed
---------------------------------------------------------------------------------------------------------------------------------------------------------------------------------------------------------------------

Timing Summary Report

------------------------------------------------------------------------------------------------
| Timer Settings
| --------------
------------------------------------------------------------------------------------------------

  Enable Multi Corner Analysis               :  Yes
  Enable Pessimism Removal                   :  Yes
  Pessimism Removal Resolution               :  Nearest Common Node
  Enable Input Delay Default Clock           :  No
  Enable Preset / Clear Arcs                 :  No
  Disable Flight Delays                      :  No
  Ignore I/O Paths                           :  No
  Timing Early Launch at Borrowing Latches   :  No
  Borrow Time for Max Delay Exceptions       :  Yes
  Merge Timing Exceptions                    :  Yes

  Corner  Analyze    Analyze    
  Name    Max Paths  Min Paths  
  ------  ---------  ---------  
  Slow    Yes        Yes        
  Fast    Yes        Yes        


------------------------------------------------------------------------------------------------
| Report Methodology
| ------------------
------------------------------------------------------------------------------------------------

No report available as report_methodology has not been run prior. Run report_methodology on the current design for the summary of methodology violations.



check_timing report

Table of Contents
-----------------
1. checking no_clock (0)
2. checking constant_clock (0)
3. checking pulse_width_clock (0)
4. checking unconstrained_internal_endpoints (0)
5. checking no_input_delay (0)
6. checking no_output_delay (0)
7. checking multiple_clock (0)
8. checking generated_clocks (0)
9. checking loops (0)
10. checking partial_input_delay (0)
11. checking partial_output_delay (0)
12. checking latch_loops (0)

1. checking no_clock (0)
------------------------
 There are 0 register/latch pins with no clock.


2. checking constant_clock (0)
------------------------------
 There are 0 register/latch pins with constant_clock.


3. checking pulse_width_clock (0)
---------------------------------
 There are 0 register/latch pins which need pulse_width check


4. checking unconstrained_internal_endpoints (0)
------------------------------------------------
 There are 0 pins that are not constrained for maximum delay.

 There are 0 pins that are not constrained for maximum delay due to constant clock.


5. checking no_input_delay (0)
------------------------------
 There are 0 input ports with no input delay specified.

 There are 0 input ports with no input delay but user has a false path constraint.


6. checking no_output_delay (0)
-------------------------------
 There are 0 ports with no output delay specified.

 There are 0 ports with no output delay but user has a false path constraint

 There are 0 ports with no output delay but with a timing clock defined on it or propagating through it


7. checking multiple_clock (0)
------------------------------
 There are 0 register/latch pins with multiple clocks.


8. checking generated_clocks (0)
--------------------------------
 There are 0 generated clocks that are not connected to a clock source.


9. checking loops (0)
---------------------
 There are 0 combinational loops in the design.


10. checking partial_input_delay (0)
------------------------------------
 There are 0 input ports with partial input delay specified.


11. checking partial_output_delay (0)
-------------------------------------
 There are 0 ports with partial output delay specified.


12. checking latch_loops (0)
----------------------------
 There are 0 combinational latch loops in the design through latch input



------------------------------------------------------------------------------------------------
| Design Timing Summary
| ---------------------
------------------------------------------------------------------------------------------------

    WNS(ns)      TNS(ns)  TNS Failing Endpoints  TNS Total Endpoints      WHS(ns)      THS(ns)  THS Failing Endpoints  THS Total Endpoints     WPWS(ns)     TPWS(ns)  TPWS Failing Endpoints  TPWS Total Endpoints  
    -------      -------  ---------------------  -------------------      -------      -------  ---------------------  -------------------     --------     --------  ----------------------  --------------------  
        inf        0.000                      0                    3          inf        0.000                      0                    3           NA           NA                      NA                    NA  


There are no user specified timing constraints.


------------------------------------------------------------------------------------------------
| Clock Summary
| -------------
------------------------------------------------------------------------------------------------


------------------------------------------------------------------------------------------------
| Intra Clock Table
| -----------------
------------------------------------------------------------------------------------------------

Clock             WNS(ns)      TNS(ns)  TNS Failing Endpoints  TNS Total Endpoints      WHS(ns)      THS(ns)  THS Failing Endpoints  THS Total Endpoints     WPWS(ns)     TPWS(ns)  TPWS Failing Endpoints  TPWS Total Endpoints  
-----             -------      -------  ---------------------  -------------------      -------      -------  ---------------------  -------------------     --------     --------  ----------------------  --------------------  


------------------------------------------------------------------------------------------------
| Inter Clock Table
| -----------------
------------------------------------------------------------------------------------------------

From Clock    To Clock          WNS(ns)      TNS(ns)  TNS Failing Endpoints  TNS Total Endpoints      WHS(ns)      THS(ns)  THS Failing Endpoints  THS Total Endpoints  
----------    --------          -------      -------  ---------------------  -------------------      -------      -------  ---------------------  -------------------  


------------------------------------------------------------------------------------------------
| Other Path Groups Table
| -----------------------
------------------------------------------------------------------------------------------------

Path Group    From Clock    To Clock          WNS(ns)      TNS(ns)  TNS Failing Endpoints  TNS Total Endpoints      WHS(ns)      THS(ns)  THS Failing Endpoints  THS Total Endpoints  
----------    ----------    --------          -------      -------  ---------------------  -------------------      -------      -------  ---------------------  -------------------  


------------------------------------------------------------------------------------------------
| User Ignored Path Table
| -----------------------
------------------------------------------------------------------------------------------------

Path Group    From Clock    To Clock    
----------    ----------    --------    


------------------------------------------------------------------------------------------------
| Unconstrained Path Table
| ------------------------
------------------------------------------------------------------------------------------------

Path Group    From Clock    To Clock    
----------    ----------    --------    
(none)                                    


------------------------------------------------------------------------------------------------
| Timing Details
| --------------
------------------------------------------------------------------------------------------------


--------------------------------------------------------------------------------------
Path Group:  (none)
From Clock:  
  To Clock:  

Max Delay             3 Endpoints
Min Delay             3 Endpoints
--------------------------------------------------------------------------------------


Max Delay Paths
--------------------------------------------------------------------------------------
Slack:                    inf
  Source:                 B[0]
                            (input port)
  Destination:            Borrow
                            (output port)
  Path Group:             (none)
  Path Type:              Max at Slow Process Corner
  Data Path Delay:        10.546ns  (logic 5.325ns (50.494%)  route 5.221ns (49.506%))
  Logic Levels:           3  (IBUF=1 LUT4=1 OBUF=1)

    Location             Delay type                Incr(ns)  Path(ns)    Netlist Resource(s)
  -------------------------------------------------------------------    -------------------
    M5                                                0.000     0.000 r  B[0] (IN)
                         net (fo=0)                   0.000     0.000    B[0]
    M5                   IBUF (Prop_ibuf_I_O)         1.451     1.451 r  B_IBUF[0]_inst/O
                         net (fo=3, routed)           3.355     4.806    B_IBUF[0]
    SLICE_X0Y59          LUT4 (Prop_lut4_I2_O)        0.152     4.958 r  Borrow_OBUF_inst_i_1/O
                         net (fo=1, routed)           1.866     6.824    Borrow_OBUF
    E13                  OBUF (Prop_obuf_I_O)         3.722    10.546 r  Borrow_OBUF_inst/O
                         net (fo=0)                   0.000    10.546    Borrow
    E13                                                               r  Borrow (OUT)
  -------------------------------------------------------------------    -------------------

Slack:                    inf
  Source:                 B[0]
                            (input port)
  Destination:            D[0]
                            (output port)
  Path Group:             (none)
  Path Type:              Max at Slow Process Corner
  Data Path Delay:        10.330ns  (logic 5.094ns (49.315%)  route 5.236ns (50.685%))
  Logic Levels:           3  (IBUF=1 LUT2=1 OBUF=1)

    Location             Delay type                Incr(ns)  Path(ns)    Netlist Resource(s)
  -------------------------------------------------------------------    -------------------
    M5                                                0.000     0.000 r  B[0] (IN)
                         net (fo=0)                   0.000     0.000    B[0]
    M5                   IBUF (Prop_ibuf_I_O)         1.451     1.451 r  B_IBUF[0]_inst/O
                         net (fo=3, routed)           3.358     4.809    B_IBUF[0]
    SLICE_X0Y59          LUT2 (Prop_lut2_I0_O)        0.124     4.933 r  D_OBUF[0]_inst_i_1/O
                         net (fo=1, routed)           1.878     6.811    D_OBUF[0]
    F13                  OBUF (Prop_obuf_I_O)         3.520    10.330 r  D_OBUF[0]_inst/O
                         net (fo=0)                   0.000    10.330    D[0]
    F13                                                               r  D[0] (OUT)
  -------------------------------------------------------------------    -------------------

Slack:                    inf
  Source:                 B[0]
                            (input port)
  Destination:            D[1]
                            (output port)
  Path Group:             (none)
  Path Type:              Max at Slow Process Corner
  Data Path Delay:        10.319ns  (logic 5.097ns (49.394%)  route 5.222ns (50.606%))
  Logic Levels:           3  (IBUF=1 LUT4=1 OBUF=1)

    Location             Delay type                Incr(ns)  Path(ns)    Netlist Resource(s)
  -------------------------------------------------------------------    -------------------
    M5                                                0.000     0.000 r  B[0] (IN)
                         net (fo=0)                   0.000     0.000    B[0]
    M5                   IBUF (Prop_ibuf_I_O)         1.451     1.451 r  B_IBUF[0]_inst/O
                         net (fo=3, routed)           3.355     4.806    B_IBUF[0]
    SLICE_X0Y59          LUT4 (Prop_lut4_I1_O)        0.124     4.930 r  D_OBUF[1]_inst_i_1/O
                         net (fo=1, routed)           1.867     6.797    D_OBUF[1]
    E18                  OBUF (Prop_obuf_I_O)         3.522    10.319 r  D_OBUF[1]_inst/O
                         net (fo=0)                   0.000    10.319    D[1]
    E18                                                               r  D[1] (OUT)
  -------------------------------------------------------------------    -------------------





Min Delay Paths
--------------------------------------------------------------------------------------
Slack:                    inf
  Source:                 A[1]
                            (input port)
  Destination:            D[1]
                            (output port)
  Path Group:             (none)
  Path Type:              Min at Fast Process Corner
  Data Path Delay:        2.318ns  (logic 1.486ns (64.100%)  route 0.832ns (35.900%))
  Logic Levels:           3  (IBUF=1 LUT4=1 OBUF=1)

    Location             Delay type                Incr(ns)  Path(ns)    Netlist Resource(s)
  -------------------------------------------------------------------    -------------------
    H14                                               0.000     0.000 r  A[1] (IN)
                         net (fo=0)                   0.000     0.000    A[1]
    H14                  IBUF (Prop_ibuf_I_O)         0.217     0.217 r  A_IBUF[1]_inst/O
                         net (fo=2, routed)           0.407     0.624    A_IBUF[1]
    SLICE_X0Y59          LUT4 (Prop_lut4_I2_O)        0.045     0.669 r  D_OBUF[1]_inst_i_1/O
                         net (fo=1, routed)           0.425     1.094    D_OBUF[1]
    E18                  OBUF (Prop_obuf_I_O)         1.223     2.318 r  D_OBUF[1]_inst/O
                         net (fo=0)                   0.000     2.318    D[1]
    E18                                                               r  D[1] (OUT)
  -------------------------------------------------------------------    -------------------

Slack:                    inf
  Source:                 A[1]
                            (input port)
  Destination:            Borrow
                            (output port)
  Path Group:             (none)
  Path Type:              Min at Fast Process Corner
  Data Path Delay:        2.366ns  (logic 1.542ns (65.192%)  route 0.824ns (34.808%))
  Logic Levels:           3  (IBUF=1 LUT4=1 OBUF=1)

    Location             Delay type                Incr(ns)  Path(ns)    Netlist Resource(s)
  -------------------------------------------------------------------    -------------------
    H14                                               0.000     0.000 f  A[1] (IN)
                         net (fo=0)                   0.000     0.000    A[1]
    H14                  IBUF (Prop_ibuf_I_O)         0.217     0.217 f  A_IBUF[1]_inst/O
                         net (fo=2, routed)           0.407     0.624    A_IBUF[1]
    SLICE_X0Y59          LUT4 (Prop_lut4_I1_O)        0.042     0.666 r  Borrow_OBUF_inst_i_1/O
                         net (fo=1, routed)           0.417     1.083    Borrow_OBUF
    E13                  OBUF (Prop_obuf_I_O)         1.283     2.366 r  Borrow_OBUF_inst/O
                         net (fo=0)                   0.000     2.366    Borrow
    E13                                                               r  Borrow (OUT)
  -------------------------------------------------------------------    -------------------

Slack:                    inf
  Source:                 A[0]
                            (input port)
  Destination:            D[0]
                            (output port)
  Path Group:             (none)
  Path Type:              Min at Fast Process Corner
  Data Path Delay:        2.372ns  (logic 1.497ns (63.099%)  route 0.875ns (36.901%))
  Logic Levels:           3  (IBUF=1 LUT2=1 OBUF=1)

    Location             Delay type                Incr(ns)  Path(ns)    Netlist Resource(s)
  -------------------------------------------------------------------    -------------------
    H18                                               0.000     0.000 r  A[0] (IN)
                         net (fo=0)                   0.000     0.000    A[0]
    H18                  IBUF (Prop_ibuf_I_O)         0.231     0.231 r  A_IBUF[0]_inst/O
                         net (fo=3, routed)           0.461     0.692    A_IBUF[0]
    SLICE_X0Y59          LUT2 (Prop_lut2_I1_O)        0.045     0.737 r  D_OBUF[0]_inst_i_1/O
                         net (fo=1, routed)           0.414     1.151    D_OBUF[0]
    F13                  OBUF (Prop_obuf_I_O)         1.221     2.372 r  D_OBUF[0]_inst/O
                         net (fo=0)                   0.000     2.372    D[0]
    F13                                                               r  D[0] (OUT)
  -------------------------------------------------------------------    -------------------





